<?xml version="1.0" encoding="UTF-8"?>
<testsuite name="test.java.Test" tests="1" skipped="0" failures="0" errors="0" timestamp="2014-12-13T17:06:22" hostname="Lenovo-PC" time="0.014">
  <properties/>
  <testcase name="test" classname="test.java.Test" time="0.014"/>
  <system-out><![CDATA[]]></system-out>
  <system-err><![CDATA[]]></system-err>
</testsuite>
